<?xml version="1.0" encoding="UTF-8" ?>
<testsuite failures="0" time="0.036" errors="0" skipped="0" tests="1" name="com.events.service.AppTest">
  <properties>
    <property name="java.runtime.name" value="Java(TM) SE Runtime Environment"/>
    <property name="sun.boot.library.path" value="/System/Library/Java/JavaVirtualMachines/1.6.0.jdk/Contents/Libraries"/>
    <property name="java.vm.version" value="20.51-b01-457"/>
    <property name="awt.nativeDoubleBuffering" value="true"/>
    <property name="gopherProxySet" value="false"/>
    <property name="mrj.build" value="11M4509"/>
    <property name="java.vm.vendor" value="Apple Inc."/>
    <property name="java.vendor.url" value="http://www.apple.com/"/>
    <property name="path.separator" value=":"/>
    <property name="java.vm.name" value="Java HotSpot(TM) 64-Bit Server VM"/>
    <property name="file.encoding.pkg" value="sun.io"/>
    <property name="user.country" value="US"/>
    <property name="sun.java.launcher" value="SUN_STANDARD"/>
    <property name="sun.os.patch.level" value="unknown"/>
    <property name="java.vm.specification.name" value="Java Virtual Machine Specification"/>
    <property name="user.dir" value="/Users/jadhavk/tools/workspace/events/1/service"/>
    <property name="java.runtime.version" value="1.6.0_51-b11-457-11M4509"/>
    <property name="java.awt.graphicsenv" value="apple.awt.CGraphicsEnvironment"/>
    <property name="basedir" value="/Users/jadhavk/tools/workspace/events/1/service"/>
    <property name="java.endorsed.dirs" value="/System/Library/Java/JavaVirtualMachines/1.6.0.jdk/Contents/Home/lib/endorsed"/>
    <property name="os.arch" value="x86_64"/>
    <property name="surefire.real.class.path" value="/Users/jadhavk/tools/workspace/events/1/service/target/surefire/surefirebooter6135789806100240131.jar"/>
    <property name="java.io.tmpdir" value="/var/folders/8b/0w1ccp8d0sbbdcn94qrwt11j1c3h5j/T/"/>
    <property name="line.separator" value="
"/>
    <property name="java.vm.specification.vendor" value="Sun Microsystems Inc."/>
    <property name="os.name" value="Mac OS X"/>
    <property name="sun.jnu.encoding" value="MacRoman"/>
    <property name="java.library.path" value=".:/Library/Java/Extensions:/System/Library/Java/Extensions:/usr/lib/java"/>
    <property name="surefire.test.class.path" value="/Users/jadhavk/tools/workspace/events/1/service/target/test-classes:/Users/jadhavk/tools/workspace/events/1/service/target/classes:/Users/jadhavk/.m2/repository/com/events/api/trunk-SNAPSHOT/api-trunk-SNAPSHOT.jar:/Users/jadhavk/.m2/repository/mysql/mysql-connector-java/5.1.9/mysql-connector-java-5.1.9.jar:/Users/jadhavk/.m2/repository/org/hibernate/hibernate-entitymanager/4.1.4.Final/hibernate-entitymanager-4.1.4.Final.jar:/Users/jadhavk/.m2/repository/org/jboss/logging/jboss-logging/3.1.0.GA/jboss-logging-3.1.0.GA.jar:/Users/jadhavk/.m2/repository/org/hibernate/hibernate-core/4.1.4.Final/hibernate-core-4.1.4.Final.jar:/Users/jadhavk/.m2/repository/antlr/antlr/2.7.7/antlr-2.7.7.jar:/Users/jadhavk/.m2/repository/org/jboss/spec/javax/transaction/jboss-transaction-api_1.1_spec/1.0.0.Final/jboss-transaction-api_1.1_spec-1.0.0.Final.jar:/Users/jadhavk/.m2/repository/dom4j/dom4j/1.6.1/dom4j-1.6.1.jar:/Users/jadhavk/.m2/repository/org/hibernate/javax/persistence/hibernate-jpa-2.0-api/1.0.1.Final/hibernate-jpa-2.0-api-1.0.1.Final.jar:/Users/jadhavk/.m2/repository/org/javassist/javassist/3.15.0-GA/javassist-3.15.0-GA.jar:/Users/jadhavk/.m2/repository/org/hibernate/common/hibernate-commons-annotations/4.0.1.Final/hibernate-commons-annotations-4.0.1.Final.jar:/Users/jadhavk/.m2/repository/org/springframework/spring-test/3.2.0.RELEASE/spring-test-3.2.0.RELEASE.jar:/Users/jadhavk/.m2/repository/org/springframework/spring-webmvc/3.2.0.RELEASE/spring-webmvc-3.2.0.RELEASE.jar:/Users/jadhavk/.m2/repository/org/springframework/spring-web/3.2.0.RELEASE/spring-web-3.2.0.RELEASE.jar:/Users/jadhavk/.m2/repository/org/springframework/spring-expression/3.2.0.RELEASE/spring-expression-3.2.0.RELEASE.jar:/Users/jadhavk/.m2/repository/org/springframework/spring-core/3.2.0.RELEASE/spring-core-3.2.0.RELEASE.jar:/Users/jadhavk/.m2/repository/com/h2database/h2/1.3.170/h2-1.3.170.jar:/Users/jadhavk/.m2/repository/org/springframework/data/spring-data-jpa/1.4.1.RELEASE/spring-data-jpa-1.4.1.RELEASE.jar:/Users/jadhavk/.m2/repository/org/springframework/data/spring-data-commons/1.6.1.RELEASE/spring-data-commons-1.6.1.RELEASE.jar:/Users/jadhavk/.m2/repository/org/springframework/spring-context/3.1.4.RELEASE/spring-context-3.1.4.RELEASE.jar:/Users/jadhavk/.m2/repository/org/springframework/spring-asm/3.1.4.RELEASE/spring-asm-3.1.4.RELEASE.jar:/Users/jadhavk/.m2/repository/org/springframework/spring-aop/3.1.4.RELEASE/spring-aop-3.1.4.RELEASE.jar:/Users/jadhavk/.m2/repository/org/springframework/spring-beans/3.1.4.RELEASE/spring-beans-3.1.4.RELEASE.jar:/Users/jadhavk/.m2/repository/org/aspectj/aspectjrt/1.7.2/aspectjrt-1.7.2.jar:/Users/jadhavk/.m2/repository/org/springframework/spring-orm/3.2.0.RELEASE/spring-orm-3.2.0.RELEASE.jar:/Users/jadhavk/.m2/repository/org/springframework/spring-jdbc/3.2.0.RELEASE/spring-jdbc-3.2.0.RELEASE.jar:/Users/jadhavk/.m2/repository/aopalliance/aopalliance/1.0/aopalliance-1.0.jar:/Users/jadhavk/.m2/repository/org/springframework/spring-tx/3.2.0.RELEASE/spring-tx-3.2.0.RELEASE.jar:/Users/jadhavk/.m2/repository/org/slf4j/slf4j-jcl/1.7.2/slf4j-jcl-1.7.2.jar:/Users/jadhavk/.m2/repository/commons-logging/commons-logging/1.1.1/commons-logging-1.1.1.jar:/Users/jadhavk/.m2/repository/org/slf4j/slf4j-api/1.7.2/slf4j-api-1.7.2.jar:/Users/jadhavk/.m2/repository/org/hsqldb/hsqldb/2.2.9/hsqldb-2.2.9.jar:/Users/jadhavk/.m2/repository/javax/transaction/jta/1.1/jta-1.1.jar:/Users/jadhavk/.m2/repository/log4j/log4j/1.2.14/log4j-1.2.14.jar:/Users/jadhavk/.m2/repository/junit/junit/4.11/junit-4.11.jar:/Users/jadhavk/.m2/repository/org/hamcrest/hamcrest-core/1.3/hamcrest-core-1.3.jar:"/>
    <property name="java.specification.name" value="Java Platform API Specification"/>
    <property name="java.class.version" value="50.0"/>
    <property name="sun.management.compiler" value="HotSpot 64-Bit Tiered Compilers"/>
    <property name="os.version" value="10.8.4"/>
    <property name="user.home" value="/Users/jadhavk"/>
    <property name="user.timezone" value=""/>
    <property name="java.awt.printerjob" value="apple.awt.CPrinterJob"/>
    <property name="java.specification.version" value="1.6"/>
    <property name="file.encoding" value="MacRoman"/>
    <property name="user.name" value="jadhavk"/>
    <property name="java.class.path" value="/Users/jadhavk/tools/workspace/events/1/service/target/test-classes:/Users/jadhavk/tools/workspace/events/1/service/target/classes:/Users/jadhavk/.m2/repository/com/events/api/trunk-SNAPSHOT/api-trunk-SNAPSHOT.jar:/Users/jadhavk/.m2/repository/mysql/mysql-connector-java/5.1.9/mysql-connector-java-5.1.9.jar:/Users/jadhavk/.m2/repository/org/hibernate/hibernate-entitymanager/4.1.4.Final/hibernate-entitymanager-4.1.4.Final.jar:/Users/jadhavk/.m2/repository/org/jboss/logging/jboss-logging/3.1.0.GA/jboss-logging-3.1.0.GA.jar:/Users/jadhavk/.m2/repository/org/hibernate/hibernate-core/4.1.4.Final/hibernate-core-4.1.4.Final.jar:/Users/jadhavk/.m2/repository/antlr/antlr/2.7.7/antlr-2.7.7.jar:/Users/jadhavk/.m2/repository/org/jboss/spec/javax/transaction/jboss-transaction-api_1.1_spec/1.0.0.Final/jboss-transaction-api_1.1_spec-1.0.0.Final.jar:/Users/jadhavk/.m2/repository/dom4j/dom4j/1.6.1/dom4j-1.6.1.jar:/Users/jadhavk/.m2/repository/org/hibernate/javax/persistence/hibernate-jpa-2.0-api/1.0.1.Final/hibernate-jpa-2.0-api-1.0.1.Final.jar:/Users/jadhavk/.m2/repository/org/javassist/javassist/3.15.0-GA/javassist-3.15.0-GA.jar:/Users/jadhavk/.m2/repository/org/hibernate/common/hibernate-commons-annotations/4.0.1.Final/hibernate-commons-annotations-4.0.1.Final.jar:/Users/jadhavk/.m2/repository/org/springframework/spring-test/3.2.0.RELEASE/spring-test-3.2.0.RELEASE.jar:/Users/jadhavk/.m2/repository/org/springframework/spring-webmvc/3.2.0.RELEASE/spring-webmvc-3.2.0.RELEASE.jar:/Users/jadhavk/.m2/repository/org/springframework/spring-web/3.2.0.RELEASE/spring-web-3.2.0.RELEASE.jar:/Users/jadhavk/.m2/repository/org/springframework/spring-expression/3.2.0.RELEASE/spring-expression-3.2.0.RELEASE.jar:/Users/jadhavk/.m2/repository/org/springframework/spring-core/3.2.0.RELEASE/spring-core-3.2.0.RELEASE.jar:/Users/jadhavk/.m2/repository/com/h2database/h2/1.3.170/h2-1.3.170.jar:/Users/jadhavk/.m2/repository/org/springframework/data/spring-data-jpa/1.4.1.RELEASE/spring-data-jpa-1.4.1.RELEASE.jar:/Users/jadhavk/.m2/repository/org/springframework/data/spring-data-commons/1.6.1.RELEASE/spring-data-commons-1.6.1.RELEASE.jar:/Users/jadhavk/.m2/repository/org/springframework/spring-context/3.1.4.RELEASE/spring-context-3.1.4.RELEASE.jar:/Users/jadhavk/.m2/repository/org/springframework/spring-asm/3.1.4.RELEASE/spring-asm-3.1.4.RELEASE.jar:/Users/jadhavk/.m2/repository/org/springframework/spring-aop/3.1.4.RELEASE/spring-aop-3.1.4.RELEASE.jar:/Users/jadhavk/.m2/repository/org/springframework/spring-beans/3.1.4.RELEASE/spring-beans-3.1.4.RELEASE.jar:/Users/jadhavk/.m2/repository/org/aspectj/aspectjrt/1.7.2/aspectjrt-1.7.2.jar:/Users/jadhavk/.m2/repository/org/springframework/spring-orm/3.2.0.RELEASE/spring-orm-3.2.0.RELEASE.jar:/Users/jadhavk/.m2/repository/org/springframework/spring-jdbc/3.2.0.RELEASE/spring-jdbc-3.2.0.RELEASE.jar:/Users/jadhavk/.m2/repository/aopalliance/aopalliance/1.0/aopalliance-1.0.jar:/Users/jadhavk/.m2/repository/org/springframework/spring-tx/3.2.0.RELEASE/spring-tx-3.2.0.RELEASE.jar:/Users/jadhavk/.m2/repository/org/slf4j/slf4j-jcl/1.7.2/slf4j-jcl-1.7.2.jar:/Users/jadhavk/.m2/repository/commons-logging/commons-logging/1.1.1/commons-logging-1.1.1.jar:/Users/jadhavk/.m2/repository/org/slf4j/slf4j-api/1.7.2/slf4j-api-1.7.2.jar:/Users/jadhavk/.m2/repository/org/hsqldb/hsqldb/2.2.9/hsqldb-2.2.9.jar:/Users/jadhavk/.m2/repository/javax/transaction/jta/1.1/jta-1.1.jar:/Users/jadhavk/.m2/repository/log4j/log4j/1.2.14/log4j-1.2.14.jar:/Users/jadhavk/.m2/repository/junit/junit/4.11/junit-4.11.jar:/Users/jadhavk/.m2/repository/org/hamcrest/hamcrest-core/1.3/hamcrest-core-1.3.jar:"/>
    <property name="java.vm.specification.version" value="1.0"/>
    <property name="sun.arch.data.model" value="64"/>
    <property name="java.home" value="/System/Library/Java/JavaVirtualMachines/1.6.0.jdk/Contents/Home"/>
    <property name="sun.java.command" value="/Users/jadhavk/tools/workspace/events/1/service/target/surefire/surefirebooter6135789806100240131.jar /Users/jadhavk/tools/workspace/events/1/service/target/surefire/surefire7839181963821681765tmp /Users/jadhavk/tools/workspace/events/1/service/target/surefire/surefire2773737432727270103tmp"/>
    <property name="java.specification.vendor" value="Sun Microsystems Inc."/>
    <property name="user.language" value="en"/>
    <property name="awt.toolkit" value="apple.awt.CToolkit"/>
    <property name="java.vm.info" value="mixed mode"/>
    <property name="java.version" value="1.6.0_51"/>
    <property name="java.ext.dirs" value="/Library/Java/Extensions:/System/Library/Java/Extensions:/System/Library/Java/JavaVirtualMachines/1.6.0.jdk/Contents/Home/lib/ext"/>
    <property name="sun.boot.class.path" value="/System/Library/Java/JavaVirtualMachines/1.6.0.jdk/Contents/Classes/jsfd.jar:/System/Library/Java/JavaVirtualMachines/1.6.0.jdk/Contents/Classes/classes.jar:/System/Library/Frameworks/JavaVM.framework/Frameworks/JavaRuntimeSupport.framework/Resources/Java/JavaRuntimeSupport.jar:/System/Library/Java/JavaVirtualMachines/1.6.0.jdk/Contents/Classes/ui.jar:/System/Library/Java/JavaVirtualMachines/1.6.0.jdk/Contents/Classes/laf.jar:/System/Library/Java/JavaVirtualMachines/1.6.0.jdk/Contents/Classes/sunrsasign.jar:/System/Library/Java/JavaVirtualMachines/1.6.0.jdk/Contents/Classes/jsse.jar:/System/Library/Java/JavaVirtualMachines/1.6.0.jdk/Contents/Classes/jce.jar:/System/Library/Java/JavaVirtualMachines/1.6.0.jdk/Contents/Classes/charsets.jar"/>
    <property name="java.vendor" value="Apple Inc."/>
    <property name="localRepository" value="/Users/jadhavk/.m2/repository"/>
    <property name="file.separator" value="/"/>
    <property name="java.vendor.url.bug" value="http://bugreport.apple.com/"/>
    <property name="sun.cpu.endian" value="little"/>
    <property name="sun.io.unicode.encoding" value="UnicodeLittle"/>
    <property name="mrj.version" value="1070.1.6.0_51-457"/>
    <property name="sun.cpu.isalist" value=""/>
  </properties>
  <testcase time="0.002" classname="com.events.service.AppTest" name="testApp"/>
</testsuite>